2026-03-29 17:23:02 - IngestaoLogger - INFO - Kaggle credentials are valid. Proceeding with data ingestion.
2026-03-29 18:13:24 - IngestaoLogger - INFO - Kaggle credentials are valid. Proceeding with data ingestion.
2026-03-29 18:16:26 - IngestaoLogger - INFO - Kaggle credentials are valid. Proceeding with data ingestion.
2026-03-29 18:20:42 - IngestaoLogger - INFO - Kaggle credentials are valid. Proceeding with data ingestion.
2026-03-29 18:21:21 - IngestaoLogger - INFO - Kaggle credentials are valid. Proceeding with data ingestion.
2026-03-29 18:21:39 - IngestaoLogger - INFO - Dataset to be downloaded: shibumohapatra/house-price
2026-03-29 18:21:56 - IngestaoLogger - INFO - Dataset to be downloaded: shibumohapatra/house-price
2026-03-29 18:23:11 - IngestaoLogger - INFO - Dataset to be downloaded: shibumohapatra/house-price
2026-03-29 18:24:03 - IngestaoLogger - INFO - Dataset to be downloaded: shibumohapatra/house-price
2026-03-29 18:24:03 - IngestaoLogger - INFO - Expected files: ['1553768847-housing.csv']
2026-03-29 18:24:03 - IngestaoLogger - INFO - File pattern: *.csv
2026-03-29 18:24:03 - IngestaoLogger - INFO - Dataset: shibumohapatra/house-price
2026-03-29 18:24:48 - IngestaoLogger - INFO - Dataset to be downloaded: shibumohapatra/house-price
2026-03-29 18:24:48 - IngestaoLogger - INFO - Expected files: ['1553768847-housing.csv']
2026-03-29 18:24:48 - IngestaoLogger - INFO - File pattern: *.csv
2026-03-29 18:24:48 - IngestaoLogger - INFO - Dataset: shibumohapatra/house-price
2026-04-02 16:24:33 - IngestaoLogger - INFO - Logger configured successfully for quality checks.
2026-04-02 16:25:00 - IngestaoLogger - INFO - Logger configured successfully for quality checks.
2026-04-02 16:25:03 - IngestaoLogger - INFO - Starting quality checks with the following configuration:
2026-04-02 16:25:03 - IngestaoLogger - INFO - pipline: {'name': 'house-price-data-pipeline', 'version': '1.0.0', 'description': 'Pipeline for processing house price data'}
2026-04-02 16:25:03 - IngestaoLogger - INFO - paths: {'raw_data_dir': 'data/raw/', 'processed_data_dir': 'data/processed/', 'output_filename': 'house_price_predictions.parquet'}
2026-04-02 16:25:03 - IngestaoLogger - INFO - execution: {'skip_existing': True, 'skip_ingest_if_exists': True, 'force_download': False, 'force_ingest': False}
2026-04-02 16:25:03 - IngestaoLogger - INFO - logging: {'name': 'IngestaoLogger', 'level': 'INFO', 'format': '%(asctime)s - %(name)s - %(levelname)s - %(message)s', 'datefmt': '%Y-%m-%d %H:%M:%S', 'log_to_file': True, 'log_dir': 'logs', 'log_file': 'pipeline.log'}
2026-04-02 16:25:03 - IngestaoLogger - INFO - kaggle: {'dataset': 'shibumohapatra/house-price', 'file_pattern': '*.csv', 'expected_files': ['1553768847-housing.csv'], 'expected_count': None}
2026-04-02 16:25:03 - IngestaoLogger - INFO - ingest: {'output_format': 'parquet', 'compression': 'snappy', 'chunk_size_rows': 50000, 'convert_dtypes': True, 'validate_schema': True}
2026-04-02 16:25:03 - IngestaoLogger - INFO - schema: {'required_columns': ['median_house_value', 'median_income', 'housing_median_age', 'total_rooms', 'total_bedrooms', 'population', 'households', 'longitude', 'latitude', 'ocean_proximity']}
2026-04-02 16:25:03 - IngestaoLogger - INFO - quality: {'suite_name': 'house-price-data-quality-suite', 'fail_pipeline_on_failure': False, 'output_dir': 'data/quality/'}
2026-04-02 16:25:03 - IngestaoLogger - INFO - table_expectations: [{'type': 'expect_table_columns_row_count_to_be_between', 'kwargs': {'min_value': 500, 'max_value': 1000}}, {'type': 'expect_table_columns_to_match_set', 'kwargs': {'column_set': ['median_house_value', 'median_income', 'housing_median_age', 'total_rooms', 'total_bedrooms', 'population', 'households', 'longitude', 'latitude', 'ocean_proximity'], 'exact_match': True}}]
2026-04-02 16:25:03 - IngestaoLogger - INFO - column_expectations: {'median_house_value': [{'type': 'expect_column_values_to_be_between', 'kwargs': {'min_value': 0, 'max_value': 500000}}, {'type': 'expect_column_values_to_not_be_null', 'kwargs': {'mostly': 0.99}}, {'type': 'expect_column_mean_to_be_between', 'kwargs': {'min_value': 150000, 'max_value': 270000}}], 'median_income': [{'type': 'expect_column_values_to_be_between', 'kwargs': {'min_value': 0, 'max_value': 150000}}, {'type': 'expect_column_values_to_not_be_null', 'kwargs': {'mostly': 0.99}}], 'housing_median_age': [{'type': 'expect_column_values_to_be_between', 'kwargs': {'min_value': 1, 'max_value': 10}}, {'type': 'expect_column_values_to_not_be_null', 'kwargs': {'mostly': 0.99}}], 'total_rooms': [{'type': 'expect_column_values_to_be_between', 'kwargs': {'min_value': 1, 'max_value': None}}, {'type': 'expect_column_values_to_not_be_null', 'kwargs': {'mostly': 0.99}}], 'total_bedrooms': [{'type': 'expect_column_values_to_be_between', 'kwargs': {'min_value': 1, 'max_value': None}}, {'type': 'expect_column_values_to_not_be_null', 'kwargs': {'mostly': 0.99}}], 'population': [{'type': 'expect_column_values_to_be_between', 'kwargs': {'min_value': 1, 'max_value': None}}, {'type': 'expect_column_values_to_not_be_null', 'kwargs': {'mostly': 0.99}}], 'households': [{'type': 'expect_column_values_to_be_between', 'kwargs': {'min_value': 1, 'max_value': None}}, {'type': 'expect_column_values_to_not_be_null', 'kwargs': {'mostly': 0.99}}], 'longitude': [{'type': 'expect_column_values_to_be_between', 'kwargs': {'min_value': -180, 'max_value': 180}}, {'type': 'expect_column_values_to_not_be_null', 'kwargs': {'mostly': 0.99}}], 'latitude': [{'type': 'expect_column_values_to_be_between', 'kwargs': {'min_value': -90, 'max_value': 90}}, {'type': 'expect_column_values_to_not_be_null', 'kwargs': {'mostly': 0.99}}], 'ocean_proximity': [{'type': 'expect_column_values_to_be_in_set', 'kwargs': {'value_set': ['NEAR OCEAN', 'INLAND', 'NEAR BAY', 'ISLAND', 'BACK INLAND']}}, {'type': 'expect_column_values_to_not_be_null', 'kwargs': {'mostly': 0.99}}]}
2026-04-02 16:46:16 - IngestaoLogger - INFO - Logger configured successfully for quality checks.
2026-04-02 16:46:19 - IngestaoLogger - INFO - Starting quality checks with the following configuration:
2026-04-02 16:46:19 - IngestaoLogger - INFO - pipline: {'name': 'house-price-data-pipeline', 'version': '1.0.0', 'description': 'Pipeline for processing house price data'}
2026-04-02 16:46:19 - IngestaoLogger - INFO - paths: {'raw_data_dir': 'data/raw/', 'processed_data_dir': 'data/processed/', 'output_filename': 'house_price_predictions.parquet'}
2026-04-02 16:46:19 - IngestaoLogger - INFO - execution: {'skip_existing': True, 'skip_ingest_if_exists': True, 'force_download': False, 'force_ingest': False}
2026-04-02 16:46:19 - IngestaoLogger - INFO - logging: {'name': 'IngestaoLogger', 'level': 'INFO', 'format': '%(asctime)s - %(name)s - %(levelname)s - %(message)s', 'datefmt': '%Y-%m-%d %H:%M:%S', 'log_to_file': True, 'log_dir': 'logs', 'log_file': 'pipeline.log'}
2026-04-02 16:46:19 - IngestaoLogger - INFO - kaggle: {'dataset': 'shibumohapatra/house-price', 'file_pattern': '*.csv', 'expected_files': ['1553768847-housing.csv'], 'expected_count': None}
2026-04-02 16:46:19 - IngestaoLogger - INFO - ingest: {'output_format': 'parquet', 'compression': 'snappy', 'chunk_size_rows': 50000, 'convert_dtypes': True, 'validate_schema': True}
2026-04-02 16:46:19 - IngestaoLogger - INFO - schema: {'required_columns': ['median_house_value', 'median_income', 'housing_median_age', 'total_rooms', 'total_bedrooms', 'population', 'households', 'longitude', 'latitude', 'ocean_proximity']}
2026-04-02 16:46:19 - IngestaoLogger - INFO - quality: {'suite_name': 'house-price-data-quality-suite', 'fail_pipeline_on_failure': False, 'output_dir': 'data/quality/'}
2026-04-02 16:46:19 - IngestaoLogger - INFO - table_expectations: [{'type': 'expect_table_columns_row_count_to_be_between', 'kwargs': {'min_value': 500, 'max_value': 1000}}, {'type': 'expect_table_columns_to_match_set', 'kwargs': {'column_set': ['median_house_value', 'median_income', 'housing_median_age', 'total_rooms', 'total_bedrooms', 'population', 'households', 'longitude', 'latitude', 'ocean_proximity'], 'exact_match': True}}]
2026-04-02 16:46:19 - IngestaoLogger - INFO - column_expectations: {'median_house_value': [{'type': 'expect_column_values_to_be_between', 'kwargs': {'min_value': 0, 'max_value': 500000}}, {'type': 'expect_column_values_to_not_be_null', 'kwargs': {'mostly': 0.99}}, {'type': 'expect_column_mean_to_be_between', 'kwargs': {'min_value': 150000, 'max_value': 270000}}], 'median_income': [{'type': 'expect_column_values_to_be_between', 'kwargs': {'min_value': 0, 'max_value': 150000}}, {'type': 'expect_column_values_to_not_be_null', 'kwargs': {'mostly': 0.99}}], 'housing_median_age': [{'type': 'expect_column_values_to_be_between', 'kwargs': {'min_value': 1, 'max_value': 10}}, {'type': 'expect_column_values_to_not_be_null', 'kwargs': {'mostly': 0.99}}], 'total_rooms': [{'type': 'expect_column_values_to_be_between', 'kwargs': {'min_value': 1, 'max_value': None}}, {'type': 'expect_column_values_to_not_be_null', 'kwargs': {'mostly': 0.99}}], 'total_bedrooms': [{'type': 'expect_column_values_to_be_between', 'kwargs': {'min_value': 1, 'max_value': None}}, {'type': 'expect_column_values_to_not_be_null', 'kwargs': {'mostly': 0.99}}], 'population': [{'type': 'expect_column_values_to_be_between', 'kwargs': {'min_value': 1, 'max_value': None}}, {'type': 'expect_column_values_to_not_be_null', 'kwargs': {'mostly': 0.99}}], 'households': [{'type': 'expect_column_values_to_be_between', 'kwargs': {'min_value': 1, 'max_value': None}}, {'type': 'expect_column_values_to_not_be_null', 'kwargs': {'mostly': 0.99}}], 'longitude': [{'type': 'expect_column_values_to_be_between', 'kwargs': {'min_value': -180, 'max_value': 180}}, {'type': 'expect_column_values_to_not_be_null', 'kwargs': {'mostly': 0.99}}], 'latitude': [{'type': 'expect_column_values_to_be_between', 'kwargs': {'min_value': -90, 'max_value': 90}}, {'type': 'expect_column_values_to_not_be_null', 'kwargs': {'mostly': 0.99}}], 'ocean_proximity': [{'type': 'expect_column_values_to_be_in_set', 'kwargs': {'value_set': ['NEAR OCEAN', 'INLAND', 'NEAR BAY', 'ISLAND', 'BACK INLAND']}}, {'type': 'expect_column_values_to_not_be_null', 'kwargs': {'mostly': 0.99}}]}
2026-04-02 16:51:11 - IngestaoLogger - INFO - Logger configured successfully for quality checks.
2026-04-02 16:51:13 - IngestaoLogger - INFO - Starting quality checks with the following configuration:
2026-04-02 16:51:13 - IngestaoLogger - INFO - pipline: {'name': 'house-price-data-pipeline', 'version': '1.0.0', 'description': 'Pipeline for processing house price data'}
2026-04-02 16:51:13 - IngestaoLogger - INFO - paths: {'raw_data_dir': 'data/raw/', 'processed_data_dir': 'data/processed/', 'output_filename': 'house_price_predictions.parquet'}
2026-04-02 16:51:13 - IngestaoLogger - INFO - execution: {'skip_existing': True, 'skip_ingest_if_exists': True, 'force_download': False, 'force_ingest': False}
2026-04-02 16:51:13 - IngestaoLogger - INFO - logging: {'name': 'IngestaoLogger', 'level': 'INFO', 'format': '%(asctime)s - %(name)s - %(levelname)s - %(message)s', 'datefmt': '%Y-%m-%d %H:%M:%S', 'log_to_file': True, 'log_dir': 'logs', 'log_file': 'pipeline.log'}
2026-04-02 16:51:13 - IngestaoLogger - INFO - kaggle: {'dataset': 'shibumohapatra/house-price', 'file_pattern': '*.csv', 'expected_files': ['1553768847-housing.csv'], 'expected_count': None}
2026-04-02 16:51:13 - IngestaoLogger - INFO - ingest: {'output_format': 'parquet', 'compression': 'snappy', 'chunk_size_rows': 50000, 'convert_dtypes': True, 'validate_schema': True}
2026-04-02 16:51:13 - IngestaoLogger - INFO - schema: {'required_columns': ['median_house_value', 'median_income', 'housing_median_age', 'total_rooms', 'total_bedrooms', 'population', 'households', 'longitude', 'latitude', 'ocean_proximity']}
2026-04-02 16:51:13 - IngestaoLogger - INFO - quality: {'suite_name': 'house-price-data-quality-suite', 'fail_pipeline_on_failure': False, 'output_dir': 'data/quality/'}
2026-04-02 16:51:13 - IngestaoLogger - INFO - table_expectations: [{'type': 'expect_table_columns_row_count_to_be_between', 'kwargs': {'min_value': 500, 'max_value': 1000}}, {'type': 'expect_table_columns_to_match_set', 'kwargs': {'column_set': ['median_house_value', 'median_income', 'housing_median_age', 'total_rooms', 'total_bedrooms', 'population', 'households', 'longitude', 'latitude', 'ocean_proximity'], 'exact_match': True}}]
2026-04-02 16:51:13 - IngestaoLogger - INFO - column_expectations: {'median_house_value': [{'type': 'expect_column_values_to_be_between', 'kwargs': {'min_value': 0, 'max_value': 500000}}, {'type': 'expect_column_values_to_not_be_null', 'kwargs': {'mostly': 0.99}}, {'type': 'expect_column_mean_to_be_between', 'kwargs': {'min_value': 150000, 'max_value': 270000}}], 'median_income': [{'type': 'expect_column_values_to_be_between', 'kwargs': {'min_value': 0, 'max_value': 150000}}, {'type': 'expect_column_values_to_not_be_null', 'kwargs': {'mostly': 0.99}}], 'housing_median_age': [{'type': 'expect_column_values_to_be_between', 'kwargs': {'min_value': 1, 'max_value': 10}}, {'type': 'expect_column_values_to_not_be_null', 'kwargs': {'mostly': 0.99}}], 'total_rooms': [{'type': 'expect_column_values_to_be_between', 'kwargs': {'min_value': 1, 'max_value': None}}, {'type': 'expect_column_values_to_not_be_null', 'kwargs': {'mostly': 0.99}}], 'total_bedrooms': [{'type': 'expect_column_values_to_be_between', 'kwargs': {'min_value': 1, 'max_value': None}}, {'type': 'expect_column_values_to_not_be_null', 'kwargs': {'mostly': 0.99}}], 'population': [{'type': 'expect_column_values_to_be_between', 'kwargs': {'min_value': 1, 'max_value': None}}, {'type': 'expect_column_values_to_not_be_null', 'kwargs': {'mostly': 0.99}}], 'households': [{'type': 'expect_column_values_to_be_between', 'kwargs': {'min_value': 1, 'max_value': None}}, {'type': 'expect_column_values_to_not_be_null', 'kwargs': {'mostly': 0.99}}], 'longitude': [{'type': 'expect_column_values_to_be_between', 'kwargs': {'min_value': -180, 'max_value': 180}}, {'type': 'expect_column_values_to_not_be_null', 'kwargs': {'mostly': 0.99}}], 'latitude': [{'type': 'expect_column_values_to_be_between', 'kwargs': {'min_value': -90, 'max_value': 90}}, {'type': 'expect_column_values_to_not_be_null', 'kwargs': {'mostly': 0.99}}], 'ocean_proximity': [{'type': 'expect_column_values_to_be_in_set', 'kwargs': {'value_set': ['NEAR OCEAN', 'INLAND', 'NEAR BAY', 'ISLAND', 'BACK INLAND']}}, {'type': 'expect_column_values_to_not_be_null', 'kwargs': {'mostly': 0.99}}]}
2026-04-02 16:51:16 - IngestaoLogger - INFO - Output path for processed data: data/processed/processed_data.parquet
2026-04-02 17:02:22 - IngestaoLogger - INFO - Logger configured successfully for quality checks.
2026-04-02 17:02:23 - IngestaoLogger - INFO - Starting quality checks with the following configuration:
2026-04-02 17:02:23 - IngestaoLogger - INFO - pipline: {'name': 'house-price-data-pipeline', 'version': '1.0.0', 'description': 'Pipeline for processing house price data'}
2026-04-02 17:02:23 - IngestaoLogger - INFO - paths: {'raw_data_dir': 'data/raw/', 'processed_data_dir': 'data/processed/', 'output_filename': 'house_price_predictions.parquet'}
2026-04-02 17:02:23 - IngestaoLogger - INFO - execution: {'skip_existing': True, 'skip_ingest_if_exists': True, 'force_download': False, 'force_ingest': False}
2026-04-02 17:02:23 - IngestaoLogger - INFO - logging: {'name': 'IngestaoLogger', 'level': 'INFO', 'format': '%(asctime)s - %(name)s - %(levelname)s - %(message)s', 'datefmt': '%Y-%m-%d %H:%M:%S', 'log_to_file': True, 'log_dir': 'logs', 'log_file': 'pipeline.log'}
2026-04-02 17:02:23 - IngestaoLogger - INFO - kaggle: {'dataset': 'shibumohapatra/house-price', 'file_pattern': '*.csv', 'expected_files': ['1553768847-housing.csv'], 'expected_count': None}
2026-04-02 17:02:23 - IngestaoLogger - INFO - ingest: {'output_format': 'parquet', 'compression': 'snappy', 'chunk_size_rows': 50000, 'convert_dtypes': True, 'validate_schema': True}
2026-04-02 17:02:23 - IngestaoLogger - INFO - schema: {'required_columns': ['median_house_value', 'median_income', 'housing_median_age', 'total_rooms', 'total_bedrooms', 'population', 'households', 'longitude', 'latitude', 'ocean_proximity']}
2026-04-02 17:02:23 - IngestaoLogger - INFO - quality: {'suite_name': 'house-price-data-quality-suite', 'fail_pipeline_on_failure': False, 'output_dir': 'data/quality/'}
2026-04-02 17:02:23 - IngestaoLogger - INFO - table_expectations: [{'type': 'expect_table_columns_row_count_to_be_between', 'kwargs': {'min_value': 500, 'max_value': 1000}}, {'type': 'expect_table_columns_to_match_set', 'kwargs': {'column_set': ['median_house_value', 'median_income', 'housing_median_age', 'total_rooms', 'total_bedrooms', 'population', 'households', 'longitude', 'latitude', 'ocean_proximity'], 'exact_match': True}}]
2026-04-02 17:02:23 - IngestaoLogger - INFO - column_expectations: {'median_house_value': [{'type': 'expect_column_values_to_be_between', 'kwargs': {'min_value': 0, 'max_value': 500000}}, {'type': 'expect_column_values_to_not_be_null', 'kwargs': {'mostly': 0.99}}, {'type': 'expect_column_mean_to_be_between', 'kwargs': {'min_value': 150000, 'max_value': 270000}}], 'median_income': [{'type': 'expect_column_values_to_be_between', 'kwargs': {'min_value': 0, 'max_value': 150000}}, {'type': 'expect_column_values_to_not_be_null', 'kwargs': {'mostly': 0.99}}], 'housing_median_age': [{'type': 'expect_column_values_to_be_between', 'kwargs': {'min_value': 1, 'max_value': 10}}, {'type': 'expect_column_values_to_not_be_null', 'kwargs': {'mostly': 0.99}}], 'total_rooms': [{'type': 'expect_column_values_to_be_between', 'kwargs': {'min_value': 1, 'max_value': None}}, {'type': 'expect_column_values_to_not_be_null', 'kwargs': {'mostly': 0.99}}], 'total_bedrooms': [{'type': 'expect_column_values_to_be_between', 'kwargs': {'min_value': 1, 'max_value': None}}, {'type': 'expect_column_values_to_not_be_null', 'kwargs': {'mostly': 0.99}}], 'population': [{'type': 'expect_column_values_to_be_between', 'kwargs': {'min_value': 1, 'max_value': None}}, {'type': 'expect_column_values_to_not_be_null', 'kwargs': {'mostly': 0.99}}], 'households': [{'type': 'expect_column_values_to_be_between', 'kwargs': {'min_value': 1, 'max_value': None}}, {'type': 'expect_column_values_to_not_be_null', 'kwargs': {'mostly': 0.99}}], 'longitude': [{'type': 'expect_column_values_to_be_between', 'kwargs': {'min_value': -180, 'max_value': 180}}, {'type': 'expect_column_values_to_not_be_null', 'kwargs': {'mostly': 0.99}}], 'latitude': [{'type': 'expect_column_values_to_be_between', 'kwargs': {'min_value': -90, 'max_value': 90}}, {'type': 'expect_column_values_to_not_be_null', 'kwargs': {'mostly': 0.99}}], 'ocean_proximity': [{'type': 'expect_column_values_to_be_in_set', 'kwargs': {'value_set': ['NEAR OCEAN', 'INLAND', 'NEAR BAY', 'ISLAND', 'BACK INLAND']}}, {'type': 'expect_column_values_to_not_be_null', 'kwargs': {'mostly': 0.99}}]}
2026-04-02 17:05:09 - IngestaoLogger - INFO - Logger configured successfully for quality checks.
2026-04-02 17:05:11 - IngestaoLogger - INFO - Starting quality checks with the following configuration:
2026-04-02 17:05:11 - IngestaoLogger - INFO - pipline: {'name': 'house-price-data-pipeline', 'version': '1.0.0', 'description': 'Pipeline for processing house price data'}
2026-04-02 17:05:11 - IngestaoLogger - INFO - paths: {'raw_data_dir': 'data/raw/', 'processed_data_dir': 'data/processed/', 'output_filename': 'house_price_predictions.parquet'}
2026-04-02 17:05:11 - IngestaoLogger - INFO - execution: {'skip_existing': True, 'skip_ingest_if_exists': True, 'force_download': False, 'force_ingest': False}
2026-04-02 17:05:11 - IngestaoLogger - INFO - logging: {'name': 'IngestaoLogger', 'level': 'INFO', 'format': '%(asctime)s - %(name)s - %(levelname)s - %(message)s', 'datefmt': '%Y-%m-%d %H:%M:%S', 'log_to_file': True, 'log_dir': 'logs', 'log_file': 'pipeline.log'}
2026-04-02 17:05:11 - IngestaoLogger - INFO - kaggle: {'dataset': 'shibumohapatra/house-price', 'file_pattern': '*.csv', 'expected_files': ['1553768847-housing.csv'], 'expected_count': None}
2026-04-02 17:05:11 - IngestaoLogger - INFO - ingest: {'output_format': 'parquet', 'compression': 'snappy', 'chunk_size_rows': 50000, 'convert_dtypes': True, 'validate_schema': True}
2026-04-02 17:05:11 - IngestaoLogger - INFO - schema: {'required_columns': ['median_house_value', 'median_income', 'housing_median_age', 'total_rooms', 'total_bedrooms', 'population', 'households', 'longitude', 'latitude', 'ocean_proximity']}
2026-04-02 17:05:11 - IngestaoLogger - INFO - quality: {'suite_name': 'house-price-data-quality-suite', 'fail_pipeline_on_failure': False, 'output_dir': 'data/quality/'}
2026-04-02 17:05:11 - IngestaoLogger - INFO - table_expectations: [{'type': 'expect_table_columns_row_count_to_be_between', 'kwargs': {'min_value': 500, 'max_value': 1000}}, {'type': 'expect_table_columns_to_match_set', 'kwargs': {'column_set': ['median_house_value', 'median_income', 'housing_median_age', 'total_rooms', 'total_bedrooms', 'population', 'households', 'longitude', 'latitude', 'ocean_proximity'], 'exact_match': True}}]
2026-04-02 17:05:11 - IngestaoLogger - INFO - column_expectations: {'median_house_value': [{'type': 'expect_column_values_to_be_between', 'kwargs': {'min_value': 0, 'max_value': 500000}}, {'type': 'expect_column_values_to_not_be_null', 'kwargs': {'mostly': 0.99}}, {'type': 'expect_column_mean_to_be_between', 'kwargs': {'min_value': 150000, 'max_value': 270000}}], 'median_income': [{'type': 'expect_column_values_to_be_between', 'kwargs': {'min_value': 0, 'max_value': 150000}}, {'type': 'expect_column_values_to_not_be_null', 'kwargs': {'mostly': 0.99}}], 'housing_median_age': [{'type': 'expect_column_values_to_be_between', 'kwargs': {'min_value': 1, 'max_value': 10}}, {'type': 'expect_column_values_to_not_be_null', 'kwargs': {'mostly': 0.99}}], 'total_rooms': [{'type': 'expect_column_values_to_be_between', 'kwargs': {'min_value': 1, 'max_value': None}}, {'type': 'expect_column_values_to_not_be_null', 'kwargs': {'mostly': 0.99}}], 'total_bedrooms': [{'type': 'expect_column_values_to_be_between', 'kwargs': {'min_value': 1, 'max_value': None}}, {'type': 'expect_column_values_to_not_be_null', 'kwargs': {'mostly': 0.99}}], 'population': [{'type': 'expect_column_values_to_be_between', 'kwargs': {'min_value': 1, 'max_value': None}}, {'type': 'expect_column_values_to_not_be_null', 'kwargs': {'mostly': 0.99}}], 'households': [{'type': 'expect_column_values_to_be_between', 'kwargs': {'min_value': 1, 'max_value': None}}, {'type': 'expect_column_values_to_not_be_null', 'kwargs': {'mostly': 0.99}}], 'longitude': [{'type': 'expect_column_values_to_be_between', 'kwargs': {'min_value': -180, 'max_value': 180}}, {'type': 'expect_column_values_to_not_be_null', 'kwargs': {'mostly': 0.99}}], 'latitude': [{'type': 'expect_column_values_to_be_between', 'kwargs': {'min_value': -90, 'max_value': 90}}, {'type': 'expect_column_values_to_not_be_null', 'kwargs': {'mostly': 0.99}}], 'ocean_proximity': [{'type': 'expect_column_values_to_be_in_set', 'kwargs': {'value_set': ['NEAR OCEAN', 'INLAND', 'NEAR BAY', 'ISLAND', 'BACK INLAND']}}, {'type': 'expect_column_values_to_not_be_null', 'kwargs': {'mostly': 0.99}}]}
2026-04-02 17:06:39 - IngestaoLogger - INFO - Logger configured successfully for quality checks.
2026-04-02 17:06:42 - IngestaoLogger - INFO - Starting quality checks with the following configuration:
2026-04-02 17:06:42 - IngestaoLogger - INFO - pipline: {'name': 'house-price-data-pipeline', 'version': '1.0.0', 'description': 'Pipeline for processing house price data'}
2026-04-02 17:06:42 - IngestaoLogger - INFO - paths: {'raw_data_dir': 'data/raw/', 'processed_data_dir': 'data/processed/', 'output_filename': 'house_price_predictions.parquet'}
2026-04-02 17:06:42 - IngestaoLogger - INFO - execution: {'skip_existing': True, 'skip_ingest_if_exists': True, 'force_download': False, 'force_ingest': False}
2026-04-02 17:06:42 - IngestaoLogger - INFO - logging: {'name': 'IngestaoLogger', 'level': 'INFO', 'format': '%(asctime)s - %(name)s - %(levelname)s - %(message)s', 'datefmt': '%Y-%m-%d %H:%M:%S', 'log_to_file': True, 'log_dir': 'logs', 'log_file': 'pipeline.log'}
2026-04-02 17:06:42 - IngestaoLogger - INFO - kaggle: {'dataset': 'shibumohapatra/house-price', 'file_pattern': '*.csv', 'expected_files': ['1553768847-housing.csv'], 'expected_count': None}
2026-04-02 17:06:42 - IngestaoLogger - INFO - ingest: {'output_format': 'parquet', 'compression': 'snappy', 'chunk_size_rows': 50000, 'convert_dtypes': True, 'validate_schema': True}
2026-04-02 17:06:42 - IngestaoLogger - INFO - schema: {'required_columns': ['median_house_value', 'median_income', 'housing_median_age', 'total_rooms', 'total_bedrooms', 'population', 'households', 'longitude', 'latitude', 'ocean_proximity']}
2026-04-02 17:06:42 - IngestaoLogger - INFO - quality: {'suite_name': 'house-price-data-quality-suite', 'fail_pipeline_on_failure': False, 'output_dir': 'data/quality/'}
2026-04-02 17:06:42 - IngestaoLogger - INFO - table_expectations: [{'type': 'expect_table_columns_row_count_to_be_between', 'kwargs': {'min_value': 500, 'max_value': 1000}}, {'type': 'expect_table_columns_to_match_set', 'kwargs': {'column_set': ['median_house_value', 'median_income', 'housing_median_age', 'total_rooms', 'total_bedrooms', 'population', 'households', 'longitude', 'latitude', 'ocean_proximity'], 'exact_match': True}}]
2026-04-02 17:06:42 - IngestaoLogger - INFO - column_expectations: {'median_house_value': [{'type': 'expect_column_values_to_be_between', 'kwargs': {'min_value': 0, 'max_value': 500000}}, {'type': 'expect_column_values_to_not_be_null', 'kwargs': {'mostly': 0.99}}, {'type': 'expect_column_mean_to_be_between', 'kwargs': {'min_value': 150000, 'max_value': 270000}}], 'median_income': [{'type': 'expect_column_values_to_be_between', 'kwargs': {'min_value': 0, 'max_value': 150000}}, {'type': 'expect_column_values_to_not_be_null', 'kwargs': {'mostly': 0.99}}], 'housing_median_age': [{'type': 'expect_column_values_to_be_between', 'kwargs': {'min_value': 1, 'max_value': 10}}, {'type': 'expect_column_values_to_not_be_null', 'kwargs': {'mostly': 0.99}}], 'total_rooms': [{'type': 'expect_column_values_to_be_between', 'kwargs': {'min_value': 1, 'max_value': None}}, {'type': 'expect_column_values_to_not_be_null', 'kwargs': {'mostly': 0.99}}], 'total_bedrooms': [{'type': 'expect_column_values_to_be_between', 'kwargs': {'min_value': 1, 'max_value': None}}, {'type': 'expect_column_values_to_not_be_null', 'kwargs': {'mostly': 0.99}}], 'population': [{'type': 'expect_column_values_to_be_between', 'kwargs': {'min_value': 1, 'max_value': None}}, {'type': 'expect_column_values_to_not_be_null', 'kwargs': {'mostly': 0.99}}], 'households': [{'type': 'expect_column_values_to_be_between', 'kwargs': {'min_value': 1, 'max_value': None}}, {'type': 'expect_column_values_to_not_be_null', 'kwargs': {'mostly': 0.99}}], 'longitude': [{'type': 'expect_column_values_to_be_between', 'kwargs': {'min_value': -180, 'max_value': 180}}, {'type': 'expect_column_values_to_not_be_null', 'kwargs': {'mostly': 0.99}}], 'latitude': [{'type': 'expect_column_values_to_be_between', 'kwargs': {'min_value': -90, 'max_value': 90}}, {'type': 'expect_column_values_to_not_be_null', 'kwargs': {'mostly': 0.99}}], 'ocean_proximity': [{'type': 'expect_column_values_to_be_in_set', 'kwargs': {'value_set': ['NEAR OCEAN', 'INLAND', 'NEAR BAY', 'ISLAND', 'BACK INLAND']}}, {'type': 'expect_column_values_to_not_be_null', 'kwargs': {'mostly': 0.99}}]}
2026-04-02 17:06:45 - IngestaoLogger - ERROR - Processed data file not found at: data/processed/house_price_predictions.parquet
2026-04-02 17:09:57 - IngestaoLogger - INFO - Output path for processed data: /home/wagner/MLOps/data/processed/house_price_predictions.parquet
2026-04-02 17:11:03 - IngestaoLogger - INFO - Schema of the processed Parquet file:
2026-04-02 17:11:03 - IngestaoLogger - INFO -  - longitude: double
2026-04-02 17:11:03 - IngestaoLogger - INFO -  - latitude: double
2026-04-02 17:11:03 - IngestaoLogger - INFO -  - housing_median_age: int64
2026-04-02 17:11:03 - IngestaoLogger - INFO -  - total_rooms: int64
2026-04-02 17:11:03 - IngestaoLogger - INFO -  - total_bedrooms: int64
2026-04-02 17:11:03 - IngestaoLogger - INFO -  - population: int64
2026-04-02 17:11:03 - IngestaoLogger - INFO -  - households: int64
2026-04-02 17:11:03 - IngestaoLogger - INFO -  - median_income: double
2026-04-02 17:11:03 - IngestaoLogger - INFO -  - ocean_proximity: string
2026-04-02 17:11:03 - IngestaoLogger - INFO -  - median_house_value: int64
2026-04-02 17:13:34 - IngestaoLogger - INFO - Loading the processed Parquet file into a pandas DataFrame...
2026-04-02 17:13:47 - IngestaoLogger - INFO - Schema of the processed Parquet file:
2026-04-02 17:13:47 - IngestaoLogger - INFO -  - longitude: double
2026-04-02 17:13:47 - IngestaoLogger - INFO -  - latitude: double
2026-04-02 17:13:47 - IngestaoLogger - INFO -  - housing_median_age: int64
2026-04-02 17:13:47 - IngestaoLogger - INFO -  - total_rooms: int64
2026-04-02 17:13:47 - IngestaoLogger - INFO -  - total_bedrooms: int64
2026-04-02 17:13:47 - IngestaoLogger - INFO -  - population: int64
2026-04-02 17:13:47 - IngestaoLogger - INFO -  - households: int64
2026-04-02 17:13:47 - IngestaoLogger - INFO -  - median_income: double
2026-04-02 17:13:47 - IngestaoLogger - INFO -  - ocean_proximity: string
2026-04-02 17:13:47 - IngestaoLogger - INFO -  - median_house_value: int64
2026-04-02 17:13:51 - IngestaoLogger - INFO - Loading the processed Parquet file into a pandas DataFrame...
2026-04-02 17:14:03 - IngestaoLogger - INFO - Loading the processed Parquet file into a pandas DataFrame...
